# JRE version: Java(TM) SE Runtime Environment (8.0_20-b26) (build 1.8.0_20-b26)
# Java VM: Java HotSpot(TM) 64-Bit Server VM (25.20-b23 mixed mode windows-amd64 compressed oops)
Heap:
 PSYoungGen      total 357376K, used 252529K [0x00000000e0780000, 0x00000000fae00000, 0x0000000100000000)
  eden space 339456K, 69% used [0x00000000e0780000,0x00000000eeca3350,0x00000000f5300000)
  from space 17920K, 99% used [0x00000000f9c80000,0x00000000fadf90f8,0x00000000fae00000)
  to   space 22016K, 0% used [0x00000000f8300000,0x00000000f8300000,0x00000000f9880000)
 ParOldGen       total 79360K, used 40635K [0x00000000a1600000, 0x00000000a6380000, 0x00000000e0780000)
  object space 79360K, 51% used [0x00000000a1600000,0x00000000a3daec70,0x00000000a6380000)
 Metaspace       used 90281K, capacity 91240K, committed 91648K, reserved 1124352K
  class space    used 15759K, capacity 16074K, committed 16128K, reserved 1048576K
GC Heap History (10 events):
Event: 21.607 GC heap before
{Heap before GC invocations=11 (full 0):
 PSYoungGen      total 167424K, used 165315K [0x00000000e0780000, 0x00000000eb480000, 0x0000000100000000)
  eden space 157696K, 100% used [0x00000000e0780000,0x00000000ea180000,0x00000000ea180000)
  from space 9728K, 78% used [0x00000000eab00000,0x00000000eb270f88,0x00000000eb480000)
  to   space 9728K, 0% used [0x00000000ea180000,0x00000000ea180000,0x00000000eab00000)
 ParOldGen       total 65536K, used 16499K [0x00000000a1600000, 0x00000000a5600000, 0x00000000e0780000)
  object space 65536K, 25% used [0x00000000a1600000,0x00000000a261cf68,0x00000000a5600000)
 Metaspace       used 50146K, capacity 50654K, committed 50816K, reserved 1089536K
  class space    used 9686K, capacity 9845K, committed 9856K, reserved 1048576K
Event: 21.652 GC heap after
Heap after GC invocations=11 (full 0):
 PSYoungGen      total 167424K, used 9712K [0x00000000e0780000, 0x00000000f1900000, 0x0000000100000000)
  eden space 157696K, 0% used [0x00000000e0780000,0x00000000e0780000,0x00000000ea180000)
  from space 9728K, 99% used [0x00000000ea180000,0x00000000eaafc188,0x00000000eab00000)
  to   space 13824K, 0% used [0x00000000f0b80000,0x00000000f0b80000,0x00000000f1900000)
 ParOldGen       total 65536K, used 24303K [0x00000000a1600000, 0x00000000a5600000, 0x00000000e0780000)
  object space 65536K, 37% used [0x00000000a1600000,0x00000000a2dbbe68,0x00000000a5600000)
 Metaspace       used 50146K, capacity 50654K, committed 50816K, reserved 1089536K
  class space    used 9686K, capacity 9845K, committed 9856K, reserved 1048576K
}
Event: 40.361 GC heap before
{Heap before GC invocations=12 (full 0):
 PSYoungGen      total 167424K, used 167408K [0x00000000e0780000, 0x00000000f1900000, 0x0000000100000000)
  eden space 157696K, 100% used [0x00000000e0780000,0x00000000ea180000,0x00000000ea180000)
  from space 9728K, 99% used [0x00000000ea180000,0x00000000eaafc188,0x00000000eab00000)
  to   space 13824K, 0% used [0x00000000f0b80000,0x00000000f0b80000,0x00000000f1900000)
 ParOldGen       total 65536K, used 24303K [0x00000000a1600000, 0x00000000a5600000, 0x00000000e0780000)
  object space 65536K, 37% used [0x00000000a1600000,0x00000000a2dbbe68,0x00000000a5600000)
 Metaspace       used 56091K, capacity 56696K, committed 56832K, reserved 1095680K
  class space    used 10726K, capacity 10968K, committed 11008K, reserved 1048576K
Event: 40.402 GC heap after
Heap after GC invocations=12 (full 0):
 PSYoungGen      total 261632K, used 13808K [0x00000000e0780000, 0x00000000f2200000, 0x0000000100000000)
  eden space 247808K, 0% used [0x00000000e0780000,0x00000000e0780000,0x00000000ef980000)
  from space 13824K, 99% used [0x00000000f0b80000,0x00000000f18fc030,0x00000000f1900000)
  to   space 18432K, 0% used [0x00000000ef980000,0x00000000ef980000,0x00000000f0b80000)
 ParOldGen       total 65536K, used 32708K [0x00000000a1600000, 0x00000000a5600000, 0x00000000e0780000)
  object space 65536K, 49% used [0x00000000a1600000,0x00000000a35f1298,0x00000000a5600000)
 Metaspace       used 56091K, capacity 56696K, committed 56832K, reserved 1095680K
  class space    used 10726K, capacity 10968K, committed 11008K, reserved 1048576K
}
Event: 43.012 GC heap before
{Heap before GC invocations=13 (full 0):
 PSYoungGen      total 261632K, used 105184K [0x00000000e0780000, 0x00000000f2200000, 0x0000000100000000)
  eden space 247808K, 36% used [0x00000000e0780000,0x00000000e60bc388,0x00000000ef980000)
  from space 13824K, 99% used [0x00000000f0b80000,0x00000000f18fc030,0x00000000f1900000)
  to   space 18432K, 0% used [0x00000000ef980000,0x00000000ef980000,0x00000000f0b80000)
 ParOldGen       total 65536K, used 32708K [0x00000000a1600000, 0x00000000a5600000, 0x00000000e0780000)
  object space 65536K, 49% used [0x00000000a1600000,0x00000000a35f1298,0x00000000a5600000)
 Metaspace       used 64784K, capacity 65402K, committed 65536K, reserved 1103872K
  class space    used 11934K, capacity 12160K, committed 12160K, reserved 1048576K
Event: 43.037 GC heap after
Heap after GC invocations=13 (full 0):
 PSYoungGen      total 266240K, used 8234K [0x00000000e0780000, 0x00000000fae00000, 0x0000000100000000)
  eden space 247808K, 0% used [0x00000000e0780000,0x00000000e0780000,0x00000000ef980000)
  from space 18432K, 44% used [0x00000000ef980000,0x00000000f018a958,0x00000000f0b80000)
  to   space 17920K, 0% used [0x00000000f9c80000,0x00000000f9c80000,0x00000000fae00000)
 ParOldGen       total 65536K, used 44971K [0x00000000a1600000, 0x00000000a5600000, 0x00000000e0780000)
  object space 65536K, 68% used [0x00000000a1600000,0x00000000a41ead78,0x00000000a5600000)
 Metaspace       used 64784K, capacity 65402K, committed 65536K, reserved 1103872K
  class space    used 11934K, capacity 12160K, committed 12160K, reserved 1048576K
}
Event: 43.037 GC heap before
{Heap before GC invocations=14 (full 1):
 PSYoungGen      total 266240K, used 8234K [0x00000000e0780000, 0x00000000fae00000, 0x0000000100000000)
  eden space 247808K, 0% used [0x00000000e0780000,0x00000000e0780000,0x00000000ef980000)
  from space 18432K, 44% used [0x00000000ef980000,0x00000000f018a958,0x00000000f0b80000)
  to   space 17920K, 0% used [0x00000000f9c80000,0x00000000f9c80000,0x00000000fae00000)
 ParOldGen       total 65536K, used 44971K [0x00000000a1600000, 0x00000000a5600000, 0x00000000e0780000)
  object space 65536K, 68% used [0x00000000a1600000,0x00000000a41ead78,0x00000000a5600000)
 Metaspace       used 64784K, capacity 65402K, committed 65536K, reserved 1103872K
  class space    used 11934K, capacity 12160K, committed 12160K, reserved 1048576K
Event: 43.258 GC heap after
Heap after GC invocations=14 (full 1):
 PSYoungGen      total 266240K, used 0K [0x00000000e0780000, 0x00000000fae00000, 0x0000000100000000)
  eden space 247808K, 0% used [0x00000000e0780000,0x00000000e0780000,0x00000000ef980000)
  from space 18432K, 0% used [0x00000000ef980000,0x00000000ef980000,0x00000000f0b80000)
  to   space 17920K, 0% used [0x00000000f9c80000,0x00000000f9c80000,0x00000000fae00000)
 ParOldGen       total 79360K, used 35758K [0x00000000a1600000, 0x00000000a6380000, 0x00000000e0780000)
  object space 79360K, 45% used [0x00000000a1600000,0x00000000a38ebb70,0x00000000a6380000)
 Metaspace       used 64751K, capacity 65336K, committed 65536K, reserved 1103872K
  class space    used 11925K, capacity 12139K, committed 12160K, reserved 1048576K
}
Event: 248.453 GC heap before
{Heap before GC invocations=15 (full 1):
 PSYoungGen      total 266240K, used 247808K [0x00000000e0780000, 0x00000000fae00000, 0x0000000100000000)
  eden space 247808K, 100% used [0x00000000e0780000,0x00000000ef980000,0x00000000ef980000)
  from space 18432K, 0% used [0x00000000ef980000,0x00000000ef980000,0x00000000f0b80000)
  to   space 17920K, 0% used [0x00000000f9c80000,0x00000000f9c80000,0x00000000fae00000)
 ParOldGen       total 79360K, used 35758K [0x00000000a1600000, 0x00000000a6380000, 0x00000000e0780000)
  object space 79360K, 45% used [0x00000000a1600000,0x00000000a38ebb70,0x00000000a6380000)
 Metaspace       used 86621K, capacity 87258K, committed 87680K, reserved 1122304K
  class space    used 15137K, capacity 15396K, committed 15488K, reserved 1048576K
Event: 248.509 GC heap after
Heap after GC invocations=15 (full 1):
 PSYoungGen      total 357376K, used 17892K [0x00000000e0780000, 0x00000000fae00000, 0x0000000100000000)
  eden space 339456K, 0% used [0x00000000e0780000,0x00000000e0780000,0x00000000f5300000)
  from space 17920K, 99% used [0x00000000f9c80000,0x00000000fadf90f8,0x00000000fae00000)
  to   space 22016K, 0% used [0x00000000f8300000,0x00000000f8300000,0x00000000f9880000)
 ParOldGen       total 79360K, used 40635K [0x00000000a1600000, 0x00000000a6380000, 0x00000000e0780000)
  object space 79360K, 51% used [0x00000000a1600000,0x00000000a3daec70,0x00000000a6380000)
 Metaspace       used 86621K, capacity 87258K, committed 87680K, reserved 1122304K
  class space    used 15137K, capacity 15396K, committed 15488K, reserved 1048576K
}

